<?xml version="1.0" encoding="UTF-8"?>
<!-- Generated by org.testng.reporters.JUnitReportReporter -->
<testsuite skipped="0" hostname="sbv6-Vostro-3268" name="com.crm.qa.testcases.LoginPageTest" tests="3" failures="0" timestamp="18 Aug 2018 10:01:53 GMT" time="23.647" errors="0">
  <testcase name="loginPageTitleTest" time="4.959" classname="com.crm.qa.testcases.LoginPageTest"/>
  <testcase name="crmLogoImageTest" time="5.190" classname="com.crm.qa.testcases.LoginPageTest"/>
  <testcase name="loginTest" time="13.498" classname="com.crm.qa.testcases.LoginPageTest"/>
</testsuite> <!-- com.crm.qa.testcases.LoginPageTest -->
