<?xml version="1.0" encoding="UTF-8"?>
<!-- Generated by org.testng.reporters.JUnitReportReporter -->
<testsuite skipped="0" hostname="sbv6-Vostro-3268" name="com.crm.qa.testcases.LoginPageTest" tests="3" failures="0" timestamp="04 Sep 2018 05:05:00 GMT" time="33.990" errors="0">
  <testcase name="loginPageTitleTest" time="8.541" classname="com.crm.qa.testcases.LoginPageTest"/>
  <testcase name="crmLogoImageTest" time="9.350" classname="com.crm.qa.testcases.LoginPageTest"/>
  <testcase name="loginTest" time="16.099" classname="com.crm.qa.testcases.LoginPageTest"/>
</testsuite> <!-- com.crm.qa.testcases.LoginPageTest -->
