<?xml version="1.0" encoding="UTF-8"?>
<!-- Generated by org.testng.reporters.JUnitReportReporter -->
<testsuite skipped="0" hostname="sbv6-Vostro-3268" name="com.crm.qa.testcases.LoginPageTest" tests="3" failures="0" timestamp="20 Aug 2018 05:25:38 GMT" time="22.009" errors="0">
  <testcase name="loginPageTitleTest" time="4.754" classname="com.crm.qa.testcases.LoginPageTest"/>
  <testcase name="crmLogoImageTest" time="4.762" classname="com.crm.qa.testcases.LoginPageTest"/>
  <testcase name="loginTest" time="12.493" classname="com.crm.qa.testcases.LoginPageTest"/>
</testsuite> <!-- com.crm.qa.testcases.LoginPageTest -->
